[2022-02-16 21:31:23,465][prefect.FlowRunner][INFO] - Beginning Flow run for 'process_data'
[2022-02-16 21:31:23,566][prefect.TaskRunner][INFO] - Task 'load_data': Starting task run...
[2022-02-16 21:31:23,800][prefect.TaskRunner][INFO] - Task 'load_data': Finished task run for task with final state: 'Success'
[2022-02-16 21:31:23,865][prefect.TaskRunner][INFO] - Task 'drop_na': Starting task run...
[2022-02-16 21:31:23,920][prefect.TaskRunner][INFO] - Task 'drop_na': Finished task run for task with final state: 'Success'
[2022-02-16 21:31:23,986][prefect.TaskRunner][INFO] - Task 'get_age': Starting task run...
[2022-02-16 21:31:24,040][prefect.TaskRunner][INFO] - Task 'get_age': Finished task run for task with final state: 'Success'
[2022-02-16 21:31:24,109][prefect.TaskRunner][INFO] - Task 'get_total_children': Starting task run...
[2022-02-16 21:31:24,160][prefect.TaskRunner][INFO] - Task 'get_total_children': Finished task run for task with final state: 'Success'
[2022-02-16 21:31:24,223][prefect.TaskRunner][INFO] - Task 'get_total_purchases': Starting task run...
[2022-02-16 21:31:24,277][prefect.TaskRunner][INFO] - Task 'get_total_purchases': Finished task run for task with final state: 'Success'
[2022-02-16 21:31:24,341][prefect.TaskRunner][INFO] - Task 'get_enrollment_years': Starting task run...
[2022-02-16 21:31:24,403][prefect.TaskRunner][INFO] - Task 'get_enrollment_years': Finished task run for task with final state: 'Success'
[2022-02-16 21:31:24,468][prefect.TaskRunner][INFO] - Task 'get_family_size': Starting task run...
[2022-02-16 21:31:24,538][prefect.TaskRunner][INFO] - Task 'get_family_size': Finished task run for task with final state: 'Success'
[2022-02-16 21:31:24,608][prefect.TaskRunner][INFO] - Task 'drop_columns_and_rows': Starting task run...
[2022-02-16 21:31:24,683][prefect.TaskRunner][INFO] - Task 'drop_columns_and_rows': Finished task run for task with final state: 'Success'
[2022-02-16 21:31:24,748][prefect.TaskRunner][INFO] - Task 'get_scaler': Starting task run...
[2022-02-16 21:31:24,787][prefect.TaskRunner][INFO] - Task 'get_scaler': Finished task run for task with final state: 'Success'
[2022-02-16 21:31:24,850][prefect.TaskRunner][INFO] - Task 'scale_features': Starting task run...
[2022-02-16 21:31:24,987][prefect.TaskRunner][INFO] - Task 'scale_features': Finished task run for task with final state: 'Success'
[2022-02-16 21:31:24,991][prefect.FlowRunner][INFO] - Flow run SUCCESS: all reference tasks succeeded
[2022-02-16 21:32:14,818][prefect.FlowRunner][INFO] - Beginning Flow run for 'process_data'
[2022-02-16 21:32:14,928][prefect.TaskRunner][INFO] - Task 'load_data': Starting task run...
[2022-02-16 21:32:15,162][prefect.TaskRunner][INFO] - Task 'load_data': Finished task run for task with final state: 'Success'
[2022-02-16 21:32:15,225][prefect.TaskRunner][INFO] - Task 'drop_na': Starting task run...
[2022-02-16 21:32:15,279][prefect.TaskRunner][INFO] - Task 'drop_na': Finished task run for task with final state: 'Success'
[2022-02-16 21:32:15,341][prefect.TaskRunner][INFO] - Task 'get_age': Starting task run...
[2022-02-16 21:32:15,394][prefect.TaskRunner][INFO] - Task 'get_age': Finished task run for task with final state: 'Success'
[2022-02-16 21:32:15,458][prefect.TaskRunner][INFO] - Task 'get_total_children': Starting task run...
[2022-02-16 21:32:15,509][prefect.TaskRunner][INFO] - Task 'get_total_children': Finished task run for task with final state: 'Success'
[2022-02-16 21:32:15,572][prefect.TaskRunner][INFO] - Task 'get_total_purchases': Starting task run...
[2022-02-16 21:32:15,625][prefect.TaskRunner][INFO] - Task 'get_total_purchases': Finished task run for task with final state: 'Success'
[2022-02-16 21:32:15,689][prefect.TaskRunner][INFO] - Task 'get_enrollment_years': Starting task run...
[2022-02-16 21:32:15,750][prefect.TaskRunner][INFO] - Task 'get_enrollment_years': Finished task run for task with final state: 'Success'
[2022-02-16 21:32:15,814][prefect.TaskRunner][INFO] - Task 'get_family_size': Starting task run...
[2022-02-16 21:32:15,870][prefect.TaskRunner][INFO] - Task 'get_family_size': Finished task run for task with final state: 'Success'
[2022-02-16 21:32:15,934][prefect.TaskRunner][INFO] - Task 'drop_columns_and_rows': Starting task run...
[2022-02-16 21:32:16,008][prefect.TaskRunner][INFO] - Task 'drop_columns_and_rows': Finished task run for task with final state: 'Success'
[2022-02-16 21:32:16,082][prefect.TaskRunner][INFO] - Task 'get_scaler': Starting task run...
[2022-02-16 21:32:16,122][prefect.TaskRunner][INFO] - Task 'get_scaler': Finished task run for task with final state: 'Success'
[2022-02-16 21:32:16,185][prefect.TaskRunner][INFO] - Task 'scale_features': Starting task run...
[2022-02-16 21:32:16,328][prefect.TaskRunner][INFO] - Task 'scale_features': Finished task run for task with final state: 'Success'
[2022-02-16 21:32:16,332][prefect.FlowRunner][INFO] - Flow run SUCCESS: all reference tasks succeeded
[2022-02-16 21:32:52,853][prefect.FlowRunner][INFO] - Beginning Flow run for 'process_data'
[2022-02-16 21:32:52,956][prefect.TaskRunner][INFO] - Task 'load_data': Starting task run...
[2022-02-16 21:32:53,186][prefect.TaskRunner][INFO] - Task 'load_data': Finished task run for task with final state: 'Success'
[2022-02-16 21:32:53,252][prefect.TaskRunner][INFO] - Task 'drop_na': Starting task run...
[2022-02-16 21:32:53,306][prefect.TaskRunner][INFO] - Task 'drop_na': Finished task run for task with final state: 'Success'
[2022-02-16 21:32:53,368][prefect.TaskRunner][INFO] - Task 'get_age': Starting task run...
[2022-02-16 21:32:53,429][prefect.TaskRunner][INFO] - Task 'get_age': Finished task run for task with final state: 'Success'
[2022-02-16 21:32:53,498][prefect.TaskRunner][INFO] - Task 'get_total_children': Starting task run...
[2022-02-16 21:32:53,548][prefect.TaskRunner][INFO] - Task 'get_total_children': Finished task run for task with final state: 'Success'
[2022-02-16 21:32:53,611][prefect.TaskRunner][INFO] - Task 'get_total_purchases': Starting task run...
[2022-02-16 21:32:53,665][prefect.TaskRunner][INFO] - Task 'get_total_purchases': Finished task run for task with final state: 'Success'
[2022-02-16 21:32:53,731][prefect.TaskRunner][INFO] - Task 'get_enrollment_years': Starting task run...
[2022-02-16 21:32:53,796][prefect.TaskRunner][INFO] - Task 'get_enrollment_years': Finished task run for task with final state: 'Success'
[2022-02-16 21:32:53,869][prefect.TaskRunner][INFO] - Task 'get_family_size': Starting task run...
[2022-02-16 21:32:53,940][prefect.TaskRunner][INFO] - Task 'get_family_size': Finished task run for task with final state: 'Success'
[2022-02-16 21:32:54,009][prefect.TaskRunner][INFO] - Task 'drop_columns_and_rows': Starting task run...
[2022-02-16 21:32:54,084][prefect.TaskRunner][INFO] - Task 'drop_columns_and_rows': Finished task run for task with final state: 'Success'
[2022-02-16 21:32:54,149][prefect.TaskRunner][INFO] - Task 'get_scaler': Starting task run...
[2022-02-16 21:32:54,189][prefect.TaskRunner][INFO] - Task 'get_scaler': Finished task run for task with final state: 'Success'
[2022-02-16 21:32:54,254][prefect.TaskRunner][INFO] - Task 'scale_features': Starting task run...
[2022-02-16 21:32:54,392][prefect.TaskRunner][INFO] - Task 'scale_features': Finished task run for task with final state: 'Success'
[2022-02-16 21:32:54,397][prefect.FlowRunner][INFO] - Flow run SUCCESS: all reference tasks succeeded
[2022-02-16 21:34:09,391][prefect.FlowRunner][INFO] - Beginning Flow run for 'segmentation'
[2022-02-16 21:34:09,531][prefect.TaskRunner][INFO] - Task 'get_pca_model': Starting task run...
[2022-02-16 21:34:09,797][prefect.TaskRunner][INFO] - Task 'get_pca_model': Finished task run for task with final state: 'Success'
[2022-02-16 21:34:09,908][prefect.TaskRunner][INFO] - Task 'reduce_dimension': Starting task run...
[2022-02-16 21:34:10,000][prefect.TaskRunner][INFO] - Task 'reduce_dimension': Finished task run for task with final state: 'Success'
[2022-02-16 21:34:10,062][prefect.TaskRunner][INFO] - Task 'get_best_k_cluster': Starting task run...
[2022-02-16 21:34:26,691][matplotlib.axes._base][INFO] - <class 'matplotlib.axis.YAxis'>
[2022-02-16 21:34:27,365][prefect.TaskRunner][INFO] - Task 'get_best_k_cluster': Finished task run for task with final state: 'Success'
[2022-02-16 21:34:27,429][prefect.TaskRunner][INFO] - Task 'get_clusters_model': Starting task run...
[2022-02-16 21:34:29,320][prefect.TaskRunner][INFO] - Task 'get_clusters_model': Finished task run for task with final state: 'Success'
[2022-02-16 21:34:29,438][prefect.TaskRunner][INFO] - Task 'get_3d_projection': Starting task run...
[2022-02-16 21:34:29,496][prefect.TaskRunner][INFO] - Task 'get_3d_projection': Finished task run for task with final state: 'Success'
[2022-02-16 21:34:29,560][prefect.TaskRunner][INFO] - Task 'save_model': Starting task run...
[2022-02-16 21:34:29,693][prefect.TaskRunner][INFO] - Task 'save_model': Finished task run for task with final state: 'Success'
[2022-02-16 21:34:29,756][prefect.TaskRunner][INFO] - Task 'predict': Starting task run...
[2022-02-16 21:34:30,093][prefect.TaskRunner][INFO] - Task 'predict': Finished task run for task with final state: 'Success'
[2022-02-16 21:34:30,206][prefect.TaskRunner][INFO] - Task 'insert_clusters_to_df': Starting task run...
[2022-02-16 21:34:30,347][prefect.TaskRunner][INFO] - Task 'insert_clusters_to_df': Finished task run for task with final state: 'Success'
[2022-02-16 21:34:30,411][prefect.TaskRunner][INFO] - Task 'plot_clusters': Starting task run...
[2022-02-16 21:34:31,524][prefect.TaskRunner][INFO] - Task 'plot_clusters': Finished task run for task with final state: 'Success'
[2022-02-16 21:34:31,528][prefect.FlowRunner][INFO] - Flow run SUCCESS: all reference tasks succeeded
