[2022-02-17 15:00:49,872][prefect.FlowRunner][INFO] - Beginning Flow run for 'process_data'
[2022-02-17 15:00:49,970][prefect.TaskRunner][INFO] - Task 'load_data': Starting task run...
[2022-02-17 15:00:50,189][prefect.TaskRunner][INFO] - Task 'load_data': Finished task run for task with final state: 'Success'
[2022-02-17 15:00:50,252][prefect.TaskRunner][INFO] - Task 'drop_na': Starting task run...
[2022-02-17 15:00:50,304][prefect.TaskRunner][INFO] - Task 'drop_na': Finished task run for task with final state: 'Success'
[2022-02-17 15:00:50,368][prefect.TaskRunner][INFO] - Task 'get_age': Starting task run...
[2022-02-17 15:00:50,419][prefect.TaskRunner][INFO] - Task 'get_age': Finished task run for task with final state: 'Success'
[2022-02-17 15:00:50,484][prefect.TaskRunner][INFO] - Task 'get_total_children': Starting task run...
[2022-02-17 15:00:50,534][prefect.TaskRunner][INFO] - Task 'get_total_children': Finished task run for task with final state: 'Success'
[2022-02-17 15:00:50,597][prefect.TaskRunner][INFO] - Task 'get_total_purchases': Starting task run...
[2022-02-17 15:00:50,652][prefect.TaskRunner][INFO] - Task 'get_total_purchases': Finished task run for task with final state: 'Success'
[2022-02-17 15:00:50,715][prefect.TaskRunner][INFO] - Task 'get_enrollment_years': Starting task run...
[2022-02-17 15:00:50,775][prefect.TaskRunner][INFO] - Task 'get_enrollment_years': Finished task run for task with final state: 'Success'
[2022-02-17 15:00:50,840][prefect.TaskRunner][INFO] - Task 'get_family_size': Starting task run...
[2022-02-17 15:00:50,904][prefect.TaskRunner][INFO] - Task 'get_family_size': Finished task run for task with final state: 'Success'
[2022-02-17 15:00:50,971][prefect.TaskRunner][INFO] - Task 'drop_columns_and_rows': Starting task run...
[2022-02-17 15:00:51,059][prefect.TaskRunner][INFO] - Task 'drop_columns_and_rows': Finished task run for task with final state: 'Success'
[2022-02-17 15:00:51,121][prefect.TaskRunner][INFO] - Task 'get_scaler': Starting task run...
[2022-02-17 15:00:51,161][prefect.TaskRunner][INFO] - Task 'get_scaler': Finished task run for task with final state: 'Success'
[2022-02-17 15:00:51,224][prefect.TaskRunner][INFO] - Task 'scale_features': Starting task run...
[2022-02-17 15:00:51,363][prefect.TaskRunner][INFO] - Task 'scale_features': Finished task run for task with final state: 'Success'
[2022-02-17 15:00:51,366][prefect.FlowRunner][INFO] - Flow run SUCCESS: all reference tasks succeeded
[2022-02-17 15:57:10,231][prefect.FlowRunner][INFO] - Beginning Flow run for 'process_data'
[2022-02-17 15:57:10,335][prefect.TaskRunner][INFO] - Task 'load_data': Starting task run...
[2022-02-17 15:57:10,554][prefect.TaskRunner][INFO] - Task 'load_data': Finished task run for task with final state: 'Success'
[2022-02-17 15:57:10,617][prefect.TaskRunner][INFO] - Task 'drop_na': Starting task run...
[2022-02-17 15:57:10,617][prefect.TaskRunner][WARNING] - Task 'drop_na': Can't use cache because it is now invalid
[2022-02-17 15:57:10,674][prefect.TaskRunner][INFO] - Task 'drop_na': Finished task run for task with final state: 'Cached'
[2022-02-17 15:57:10,737][prefect.TaskRunner][INFO] - Task 'get_age': Starting task run...
[2022-02-17 15:57:10,737][prefect.TaskRunner][WARNING] - Task 'get_age': Can't use cache because it is now invalid
[2022-02-17 15:57:10,794][prefect.TaskRunner][INFO] - Task 'get_age': Finished task run for task with final state: 'Cached'
[2022-02-17 15:57:10,856][prefect.TaskRunner][INFO] - Task 'get_total_children': Starting task run...
[2022-02-17 15:57:10,856][prefect.TaskRunner][WARNING] - Task 'get_total_children': Can't use cache because it is now invalid
[2022-02-17 15:57:10,909][prefect.TaskRunner][INFO] - Task 'get_total_children': Finished task run for task with final state: 'Cached'
[2022-02-17 15:57:10,971][prefect.TaskRunner][INFO] - Task 'get_total_purchases': Starting task run...
[2022-02-17 15:57:10,972][prefect.TaskRunner][WARNING] - Task 'get_total_purchases': Can't use cache because it is now invalid
[2022-02-17 15:57:11,027][prefect.TaskRunner][INFO] - Task 'get_total_purchases': Finished task run for task with final state: 'Cached'
[2022-02-17 15:57:11,088][prefect.TaskRunner][INFO] - Task 'get_enrollment_years': Starting task run...
[2022-02-17 15:57:11,089][prefect.TaskRunner][WARNING] - Task 'get_enrollment_years': Can't use cache because it is now invalid
[2022-02-17 15:57:11,152][prefect.TaskRunner][INFO] - Task 'get_enrollment_years': Finished task run for task with final state: 'Cached'
[2022-02-17 15:57:11,215][prefect.TaskRunner][INFO] - Task 'get_family_size': Starting task run...
[2022-02-17 15:57:11,215][prefect.TaskRunner][WARNING] - Task 'get_family_size': Can't use cache because it is now invalid
[2022-02-17 15:57:11,279][prefect.TaskRunner][INFO] - Task 'get_family_size': Finished task run for task with final state: 'Cached'
[2022-02-17 15:57:11,340][prefect.TaskRunner][INFO] - Task 'drop_columns_and_rows': Starting task run...
[2022-02-17 15:57:11,416][prefect.TaskRunner][INFO] - Task 'drop_columns_and_rows': Finished task run for task with final state: 'Success'
[2022-02-17 15:57:11,484][prefect.TaskRunner][INFO] - Task 'get_scaler': Starting task run...
[2022-02-17 15:57:11,541][prefect.TaskRunner][INFO] - Task 'get_scaler': Finished task run for task with final state: 'Success'
[2022-02-17 15:57:11,611][prefect.TaskRunner][INFO] - Task 'scale_features': Starting task run...
[2022-02-17 15:57:11,828][prefect.TaskRunner][INFO] - Task 'scale_features': Finished task run for task with final state: 'Success'
[2022-02-17 15:57:11,832][prefect.FlowRunner][INFO] - Flow run SUCCESS: all reference tasks succeeded
[2022-02-17 16:09:53,590][prefect.FlowRunner][INFO] - Beginning Flow run for 'process_data'
[2022-02-17 16:09:53,685][prefect.TaskRunner][INFO] - Task 'load_data': Starting task run...
[2022-02-17 16:09:53,908][prefect.TaskRunner][INFO] - Task 'load_data': Finished task run for task with final state: 'Success'
[2022-02-17 16:09:53,979][prefect.TaskRunner][INFO] - Task 'keep_columns': Starting task run...
[2022-02-17 16:09:54,012][prefect.TaskRunner][INFO] - Task 'keep_columns': Finished task run for task with final state: 'Success'
[2022-02-17 16:09:54,073][prefect.TaskRunner][INFO] - Task 'drop_na': Starting task run...
[2022-02-17 16:09:54,073][prefect.TaskRunner][WARNING] - Task 'drop_na': Can't use cache because it is now invalid
[2022-02-17 16:09:54,131][prefect.TaskRunner][INFO] - Task 'drop_na': Finished task run for task with final state: 'Cached'
[2022-02-17 16:09:54,202][prefect.TaskRunner][INFO] - Task 'get_age': Starting task run...
[2022-02-17 16:09:54,203][prefect.TaskRunner][WARNING] - Task 'get_age': Can't use cache because it is now invalid
[2022-02-17 16:09:54,256][prefect.TaskRunner][INFO] - Task 'get_age': Finished task run for task with final state: 'Cached'
[2022-02-17 16:09:54,319][prefect.TaskRunner][INFO] - Task 'get_total_children': Starting task run...
[2022-02-17 16:09:54,320][prefect.TaskRunner][WARNING] - Task 'get_total_children': Can't use cache because it is now invalid
[2022-02-17 16:09:54,373][prefect.TaskRunner][INFO] - Task 'get_total_children': Finished task run for task with final state: 'Cached'
[2022-02-17 16:09:54,436][prefect.TaskRunner][INFO] - Task 'get_total_purchases': Starting task run...
[2022-02-17 16:09:54,437][prefect.TaskRunner][WARNING] - Task 'get_total_purchases': Can't use cache because it is now invalid
[2022-02-17 16:09:54,499][prefect.TaskRunner][INFO] - Task 'get_total_purchases': Finished task run for task with final state: 'Cached'
[2022-02-17 16:09:54,565][prefect.TaskRunner][INFO] - Task 'get_enrollment_years': Starting task run...
[2022-02-17 16:09:54,566][prefect.TaskRunner][WARNING] - Task 'get_enrollment_years': Can't use cache because it is now invalid
[2022-02-17 16:09:54,632][prefect.TaskRunner][INFO] - Task 'get_enrollment_years': Finished task run for task with final state: 'Cached'
[2022-02-17 16:09:54,693][prefect.TaskRunner][INFO] - Task 'get_family_size': Starting task run...
[2022-02-17 16:09:54,694][prefect.TaskRunner][WARNING] - Task 'get_family_size': Can't use cache because it is now invalid
[2022-02-17 16:09:54,753][prefect.TaskRunner][INFO] - Task 'get_family_size': Finished task run for task with final state: 'Cached'
[2022-02-17 16:09:54,815][prefect.TaskRunner][INFO] - Task 'drop_columns_and_rows': Starting task run...
[2022-02-17 16:09:54,882][prefect.TaskRunner][INFO] - Task 'drop_columns_and_rows': Finished task run for task with final state: 'Success'
[2022-02-17 16:09:54,943][prefect.TaskRunner][INFO] - Task 'get_scaler': Starting task run...
[2022-02-17 16:09:54,981][prefect.TaskRunner][INFO] - Task 'get_scaler': Finished task run for task with final state: 'Success'
[2022-02-17 16:09:55,041][prefect.TaskRunner][INFO] - Task 'scale_features': Starting task run...
[2022-02-17 16:09:55,178][prefect.TaskRunner][INFO] - Task 'scale_features': Finished task run for task with final state: 'Success'
[2022-02-17 16:09:55,182][prefect.FlowRunner][INFO] - Flow run SUCCESS: all reference tasks succeeded
[2022-02-17 16:59:45,238][prefect.FlowRunner][INFO] - Beginning Flow run for 'process_data'
[2022-02-17 16:59:45,333][prefect.TaskRunner][INFO] - Task 'load_data': Starting task run...
[2022-02-17 16:59:45,544][prefect.TaskRunner][INFO] - Task 'load_data': Finished task run for task with final state: 'Success'
[2022-02-17 16:59:45,607][prefect.TaskRunner][INFO] - Task 'drop_na': Starting task run...
[2022-02-17 16:59:45,607][prefect.TaskRunner][WARNING] - Task 'drop_na': Can't use cache because it is now invalid
[2022-02-17 16:59:45,665][prefect.TaskRunner][INFO] - Task 'drop_na': Finished task run for task with final state: 'Cached'
[2022-02-17 16:59:45,729][prefect.TaskRunner][INFO] - Task 'get_age': Starting task run...
[2022-02-17 16:59:45,729][prefect.TaskRunner][WARNING] - Task 'get_age': Can't use cache because it is now invalid
[2022-02-17 16:59:45,785][prefect.TaskRunner][INFO] - Task 'get_age': Finished task run for task with final state: 'Cached'
[2022-02-17 16:59:45,848][prefect.TaskRunner][INFO] - Task 'get_total_children': Starting task run...
[2022-02-17 16:59:45,849][prefect.TaskRunner][WARNING] - Task 'get_total_children': Can't use cache because it is now invalid
[2022-02-17 16:59:45,903][prefect.TaskRunner][INFO] - Task 'get_total_children': Finished task run for task with final state: 'Cached'
[2022-02-17 16:59:45,966][prefect.TaskRunner][INFO] - Task 'get_total_purchases': Starting task run...
[2022-02-17 16:59:45,967][prefect.TaskRunner][WARNING] - Task 'get_total_purchases': Can't use cache because it is now invalid
[2022-02-17 16:59:46,023][prefect.TaskRunner][INFO] - Task 'get_total_purchases': Finished task run for task with final state: 'Cached'
[2022-02-17 16:59:46,090][prefect.TaskRunner][INFO] - Task 'get_enrollment_years': Starting task run...
[2022-02-17 16:59:46,090][prefect.TaskRunner][WARNING] - Task 'get_enrollment_years': Can't use cache because it is now invalid
[2022-02-17 16:59:46,157][prefect.TaskRunner][INFO] - Task 'get_enrollment_years': Finished task run for task with final state: 'Cached'
[2022-02-17 16:59:46,223][prefect.TaskRunner][INFO] - Task 'get_family_size': Starting task run...
[2022-02-17 16:59:46,224][prefect.TaskRunner][WARNING] - Task 'get_family_size': Can't use cache because it is now invalid
[2022-02-17 16:59:46,284][prefect.TaskRunner][INFO] - Task 'get_family_size': Finished task run for task with final state: 'Cached'
[2022-02-17 16:59:46,347][prefect.TaskRunner][INFO] - Task 'drop_columns_and_rows': Starting task run...
[2022-02-17 16:59:46,420][prefect.TaskRunner][INFO] - Task 'drop_columns_and_rows': Finished task run for task with final state: 'Success'
[2022-02-17 16:59:46,485][prefect.TaskRunner][INFO] - Task 'get_scaler': Starting task run...
[2022-02-17 16:59:46,524][prefect.TaskRunner][INFO] - Task 'get_scaler': Finished task run for task with final state: 'Success'
[2022-02-17 16:59:46,587][prefect.TaskRunner][INFO] - Task 'scale_features': Starting task run...
[2022-02-17 16:59:46,729][prefect.TaskRunner][INFO] - Task 'scale_features': Finished task run for task with final state: 'Success'
[2022-02-17 16:59:46,732][prefect.FlowRunner][INFO] - Flow run SUCCESS: all reference tasks succeeded
